<?xml version="1.0" encoding="UTF-8"?>
<coverage generated="1771180529">
  <project timestamp="1771180529" name="Clover Coverage">
    <package name="Pixelshaped\FlatMapperBundle\Exception">
      <file name="/Users/renaud/Code/flat-mapper-bundle/src/Exception/MappingCreationException.php">
        <class name="Pixelshaped\FlatMapperBundle\Exception\MappingCreationException" namespace="Pixelshaped\FlatMapperBundle\Exception">
          <metrics complexity="1" methods="1" coveredmethods="1" conditionals="0" coveredconditionals="0" statements="1" coveredstatements="1" elements="2" coveredelements="2"/>
        </class>
        <line num="8" type="method" name="__construct" visibility="public" complexity="1" crap="1" count="18"/>
        <line num="13" type="stmt" count="18"/>
        <metrics loc="15" ncloc="15" classes="1" methods="1" coveredmethods="1" conditionals="0" coveredconditionals="0" statements="1" coveredstatements="1" elements="2" coveredelements="2"/>
      </file>
      <file name="/Users/renaud/Code/flat-mapper-bundle/src/Exception/MappingException.php">
        <class name="Pixelshaped\FlatMapperBundle\Exception\MappingException" namespace="Pixelshaped\FlatMapperBundle\Exception">
          <metrics complexity="1" methods="1" coveredmethods="1" conditionals="0" coveredconditionals="0" statements="1" coveredstatements="1" elements="2" coveredelements="2"/>
        </class>
        <line num="8" type="method" name="__construct" visibility="public" complexity="1" crap="1" count="10"/>
        <line num="13" type="stmt" count="10"/>
        <metrics loc="15" ncloc="15" classes="1" methods="1" coveredmethods="1" conditionals="0" coveredconditionals="0" statements="1" coveredstatements="1" elements="2" coveredelements="2"/>
      </file>
    </package>
    <package name="Pixelshaped\FlatMapperBundle">
      <file name="/Users/renaud/Code/flat-mapper-bundle/src/FlatMapper.php">
        <class name="Pixelshaped\FlatMapperBundle\FlatMapper" namespace="Pixelshaped\FlatMapperBundle">
          <metrics complexity="89" methods="19" coveredmethods="19" conditionals="0" coveredconditionals="0" statements="271" coveredstatements="271" elements="290" coveredelements="290"/>
        </class>
        <line num="45" type="method" name="setCacheService" visibility="public" complexity="1" crap="1" count="3"/>
        <line num="47" type="stmt" count="3"/>
        <line num="50" type="method" name="setValidateMapping" visibility="public" complexity="1" crap="1" count="3"/>
        <line num="52" type="stmt" count="3"/>
        <line num="61" type="method" name="setYamlMappings" visibility="public" complexity="1" crap="1" count="19"/>
        <line num="63" type="stmt" count="19"/>
        <line num="66" type="stmt" count="19"/>
        <line num="67" type="stmt" count="19"/>
        <line num="70" type="method" name="createMapping" visibility="public" complexity="4" crap="4" count="52"/>
        <line num="72" type="stmt" count="52"/>
        <line num="73" type="stmt" count="1"/>
        <line num="75" type="stmt" count="51"/>
        <line num="77" type="stmt" count="51"/>
        <line num="78" type="stmt" count="2"/>
        <line num="79" type="stmt" count="1"/>
        <line num="80" type="stmt" count="2"/>
        <line num="82" type="stmt" count="49"/>
        <line num="85" type="stmt" count="34"/>
        <line num="86" type="stmt" count="34"/>
        <line num="96" type="method" name="createMappingRecursive" visibility="private" complexity="29" crap="29" count="51"/>
        <line num="98" type="stmt" count="51"/>
        <line num="99" type="stmt" count="51"/>
        <line num="101" type="stmt" count="51"/>
        <line num="103" type="stmt" count="51"/>
        <line num="105" type="stmt" count="51"/>
        <line num="107" type="stmt" count="51"/>
        <line num="108" type="stmt" count="1"/>
        <line num="111" type="stmt" count="50"/>
        <line num="112" type="stmt" count="50"/>
        <line num="114" type="stmt" count="50"/>
        <line num="115" type="stmt" count="18"/>
        <line num="117" type="stmt" count="5"/>
        <line num="118" type="stmt" count="5"/>
        <line num="119" type="stmt" count="5"/>
        <line num="120" type="stmt" count="5"/>
        <line num="121" type="stmt" count="5"/>
        <line num="122" type="stmt" count="5"/>
        <line num="123" type="stmt" count="4"/>
        <line num="124" type="stmt" count="4"/>
        <line num="126" type="stmt" count="1"/>
        <line num="128" type="stmt" count="4"/>
        <line num="133" type="stmt" count="16"/>
        <line num="134" type="stmt" count="15"/>
        <line num="135" type="stmt" count="1"/>
        <line num="136" type="stmt" count="1"/>
        <line num="137" type="stmt" count="1"/>
        <line num="138" type="stmt" count="1"/>
        <line num="139" type="stmt" count="1"/>
        <line num="140" type="stmt" count="1"/>
        <line num="141" type="stmt" count="1"/>
        <line num="146" type="stmt" count="47"/>
        <line num="147" type="stmt" count="47"/>
        <line num="148" type="stmt" count="47"/>
        <line num="149" type="stmt" count="15"/>
        <line num="150" type="stmt" count="32"/>
        <line num="151" type="stmt" count="47"/>
        <line num="152" type="stmt" count="47"/>
        <line num="153" type="stmt" count="40"/>
        <line num="154" type="stmt" count="22"/>
        <line num="155" type="stmt" count="20"/>
        <line num="156" type="stmt" count="3"/>
        <line num="157" type="stmt" count="22"/>
        <line num="158" type="stmt" count="22"/>
        <line num="159" type="stmt" count="22"/>
        <line num="160" type="stmt" count="22"/>
        <line num="161" type="stmt" count="22"/>
        <line num="163" type="stmt" count="22"/>
        <line num="164" type="stmt" count="1"/>
        <line num="165" type="stmt" count="1"/>
        <line num="166" type="stmt" count="1"/>
        <line num="167" type="stmt" count="1"/>
        <line num="168" type="stmt" count="1"/>
        <line num="169" type="stmt" count="1"/>
        <line num="172" type="stmt" count="21"/>
        <line num="173" type="stmt" count="21"/>
        <line num="174" type="stmt" count="1"/>
        <line num="177" type="stmt" count="20"/>
        <line num="178" type="stmt" count="20"/>
        <line num="179" type="stmt" count="18"/>
        <line num="180" type="stmt" count="1"/>
        <line num="181" type="stmt" count="1"/>
        <line num="182" type="stmt" count="1"/>
        <line num="183" type="stmt" count="1"/>
        <line num="184" type="stmt" count="1"/>
        <line num="185" type="stmt" count="1"/>
        <line num="189" type="stmt" count="17"/>
        <line num="191" type="stmt" count="17"/>
        <line num="192" type="stmt" count="40"/>
        <line num="193" type="stmt" count="40"/>
        <line num="194" type="stmt" count="40"/>
        <line num="195" type="stmt" count="40"/>
        <line num="196" type="stmt" count="40"/>
        <line num="197" type="stmt" count="40"/>
        <line num="198" type="stmt" count="40"/>
        <line num="199" type="stmt" count="40"/>
        <line num="200" type="stmt" count="40"/>
        <line num="201" type="stmt" count="9"/>
        <line num="203" type="stmt" count="23"/>
        <line num="204" type="stmt" count="23"/>
        <line num="205" type="stmt" count="23"/>
        <line num="206" type="stmt" count="23"/>
        <line num="207" type="stmt" count="23"/>
        <line num="208" type="stmt" count="23"/>
        <line num="209" type="stmt" count="22"/>
        <line num="210" type="stmt" count="22"/>
        <line num="215" type="stmt" count="42"/>
        <line num="216" type="stmt" count="40"/>
        <line num="219" type="stmt" count="42"/>
        <line num="222" type="stmt" count="37"/>
        <line num="223" type="stmt" count="37"/>
        <line num="224" type="stmt" count="2"/>
        <line num="227" type="stmt" count="37"/>
        <line num="228" type="stmt" count="37"/>
        <line num="229" type="stmt" count="37"/>
        <line num="230" type="stmt" count="1"/>
        <line num="232" type="stmt" count="37"/>
        <line num="236" type="stmt" count="36"/>
        <line num="237" type="stmt" count="36"/>
        <line num="238" type="stmt" count="36"/>
        <line num="239" type="stmt" count="36"/>
        <line num="242" type="method" name="transformPropertyName" visibility="private" complexity="2" crap="2" count="15"/>
        <line num="244" type="stmt" count="15"/>
        <line num="245" type="stmt" count="11"/>
        <line num="246" type="stmt" count="11"/>
        <line num="247" type="stmt" count="11"/>
        <line num="248" type="stmt" count="11"/>
        <line num="249" type="stmt" count="11"/>
        <line num="251" type="stmt" count="15"/>
        <line num="257" type="method" name="createCacheKey" visibility="private" complexity="1" crap="1" count="2"/>
        <line num="259" type="stmt" count="2"/>
        <line num="260" type="stmt" count="2"/>
        <line num="262" type="stmt" count="2"/>
        <line num="273" type="method" name="getClassMappingAttributes" visibility="private" complexity="1" crap="1" count="50"/>
        <line num="275" type="stmt" count="50"/>
        <line num="276" type="stmt" count="50"/>
        <line num="277" type="stmt" count="50"/>
        <line num="278" type="stmt" count="50"/>
        <line num="289" type="method" name="getPropertyMappingAttributes" visibility="private" complexity="1" crap="1" count="47"/>
        <line num="291" type="stmt" count="47"/>
        <line num="292" type="stmt" count="47"/>
        <line num="293" type="stmt" count="47"/>
        <line num="294" type="stmt" count="47"/>
        <line num="295" type="stmt" count="47"/>
        <line num="306" type="method" name="mergeMappingAttributes" visibility="private" complexity="4" crap="4" count="50"/>
        <line num="308" type="stmt" count="50"/>
        <line num="310" type="stmt" count="50"/>
        <line num="311" type="stmt" count="11"/>
        <line num="312" type="stmt" count="11"/>
        <line num="313" type="stmt" count="11"/>
        <line num="314" type="stmt" count="11"/>
        <line num="317" type="stmt" count="49"/>
        <line num="318" type="stmt" count="36"/>
        <line num="319" type="stmt" count="36"/>
        <line num="321" type="stmt" count="1"/>
        <line num="323" type="stmt" count="36"/>
        <line num="324" type="stmt" count="36"/>
        <line num="325" type="stmt" count="36"/>
        <line num="326" type="stmt" count="36"/>
        <line num="327" type="stmt" count="36"/>
        <line num="330" type="stmt" count="49"/>
        <line num="336" type="method" name="getYamlAttributes" visibility="private" complexity="5" crap="5" count="50"/>
        <line num="338" type="stmt" count="50"/>
        <line num="339" type="stmt" count="34"/>
        <line num="342" type="stmt" count="17"/>
        <line num="343" type="stmt" count="17"/>
        <line num="344" type="stmt" count="1"/>
        <line num="345" type="stmt" count="1"/>
        <line num="346" type="stmt" count="1"/>
        <line num="347" type="stmt" count="1"/>
        <line num="350" type="stmt" count="16"/>
        <line num="351" type="stmt" count="16"/>
        <line num="352" type="stmt" count="16"/>
        <line num="353" type="stmt" count="16"/>
        <line num="354" type="stmt" count="16"/>
        <line num="355" type="stmt" count="16"/>
        <line num="358" type="stmt" count="16"/>
        <line num="359" type="stmt" count="16"/>
        <line num="360" type="stmt" count="1"/>
        <line num="361" type="stmt" count="1"/>
        <line num="362" type="stmt" count="1"/>
        <line num="363" type="stmt" count="1"/>
        <line num="366" type="stmt" count="15"/>
        <line num="367" type="stmt" count="15"/>
        <line num="368" type="stmt" count="15"/>
        <line num="369" type="stmt" count="15"/>
        <line num="370" type="stmt" count="15"/>
        <line num="376" type="method" name="normalizeYamlAttributeMap" visibility="private" complexity="5" crap="5" count="17"/>
        <line num="378" type="stmt" count="17"/>
        <line num="379" type="stmt" count="1"/>
        <line num="382" type="stmt" count="16"/>
        <line num="383" type="stmt" count="1"/>
        <line num="384" type="stmt" count="1"/>
        <line num="385" type="stmt" count="1"/>
        <line num="386" type="stmt" count="1"/>
        <line num="389" type="stmt" count="16"/>
        <line num="390" type="stmt" count="16"/>
        <line num="391" type="stmt" count="14"/>
        <line num="392" type="stmt" count="1"/>
        <line num="393" type="stmt" count="1"/>
        <line num="394" type="stmt" count="1"/>
        <line num="395" type="stmt" count="1"/>
        <line num="398" type="stmt" count="13"/>
        <line num="399" type="stmt" count="12"/>
        <line num="400" type="stmt" count="12"/>
        <line num="401" type="stmt" count="12"/>
        <line num="402" type="stmt" count="12"/>
        <line num="403" type="stmt" count="12"/>
        <line num="406" type="stmt" count="16"/>
        <line num="412" type="method" name="normalizeYamlAttributeArguments" visibility="private" complexity="4" crap="4" count="12"/>
        <line num="414" type="stmt" count="12"/>
        <line num="415" type="stmt" count="3"/>
        <line num="418" type="stmt" count="12"/>
        <line num="419" type="stmt" count="10"/>
        <line num="422" type="stmt" count="4"/>
        <line num="423" type="stmt" count="3"/>
        <line num="426" type="stmt" count="1"/>
        <line num="427" type="stmt" count="1"/>
        <line num="428" type="stmt" count="1"/>
        <line num="429" type="stmt" count="1"/>
        <line num="430" type="stmt" count="1"/>
        <line num="436" type="method" name="resolveAttributeClassName" visibility="private" complexity="3" crap="3" count="13"/>
        <line num="438" type="stmt" count="13"/>
        <line num="439" type="stmt" count="1"/>
        <line num="440" type="stmt" count="12"/>
        <line num="442" type="stmt" count="13"/>
        <line num="443" type="stmt" count="2"/>
        <line num="444" type="stmt" count="2"/>
        <line num="445" type="stmt" count="2"/>
        <line num="446" type="stmt" count="2"/>
        <line num="447" type="stmt" count="2"/>
        <line num="450" type="stmt" count="12"/>
        <line num="460" type="method" name="getAttributeArgument" visibility="private" complexity="3" crap="3" count="44"/>
        <line num="462" type="stmt" count="44"/>
        <line num="463" type="stmt" count="35"/>
        <line num="466" type="stmt" count="34"/>
        <line num="467" type="stmt" count="1"/>
        <line num="470" type="stmt" count="33"/>
        <line num="480" type="method" name="getStringAttributeArgument" visibility="private" complexity="3" crap="3" count="44"/>
        <line num="482" type="stmt" count="44"/>
        <line num="483" type="stmt" count="44"/>
        <line num="484" type="stmt" count="33"/>
        <line num="487" type="stmt" count="36"/>
        <line num="488" type="stmt" count="1"/>
        <line num="489" type="stmt" count="1"/>
        <line num="490" type="stmt" count="1"/>
        <line num="491" type="stmt" count="1"/>
        <line num="492" type="stmt" count="1"/>
        <line num="493" type="stmt" count="1"/>
        <line num="494" type="stmt" count="1"/>
        <line num="497" type="stmt" count="36"/>
        <line num="507" type="method" name="newMappingAttributeInstance" visibility="private" complexity="2" crap="2" count="16"/>
        <line num="509" type="stmt" count="16"/>
        <line num="510" type="stmt" count="14"/>
        <line num="513" type="stmt" count="2"/>
        <line num="514" type="stmt" count="2"/>
        <line num="523" type="method" name="map" visibility="public" complexity="14" crap="14" count="26"/>
        <line num="525" type="stmt" count="26"/>
        <line num="527" type="stmt" count="26"/>
        <line num="528" type="stmt" count="26"/>
        <line num="529" type="stmt" count="26"/>
        <line num="530" type="stmt" count="25"/>
        <line num="531" type="stmt" count="25"/>
        <line num="532" type="stmt" count="4"/>
        <line num="534" type="stmt" count="22"/>
        <line num="535" type="stmt" count="22"/>
        <line num="536" type="stmt" count="22"/>
        <line num="537" type="stmt" count="22"/>
        <line num="538" type="stmt" count="5"/>
        <line num="540" type="stmt" count="4"/>
        <line num="541" type="stmt" count="4"/>
        <line num="542" type="stmt" count="4"/>
        <line num="546" type="stmt" count="1"/>
        <line num="547" type="stmt" count="1"/>
        <line num="550" type="stmt" count="5"/>
        <line num="552" type="stmt" count="22"/>
        <line num="553" type="stmt" count="5"/>
        <line num="555" type="stmt" count="22"/>
        <line num="559" type="stmt" count="17"/>
        <line num="560" type="stmt" count="1"/>
        <line num="561" type="stmt" count="1"/>
        <line num="567" type="stmt" count="16"/>
        <line num="570" type="stmt" count="16"/>
        <line num="571" type="stmt" count="16"/>
        <line num="579" type="method" name="linkObjects" visibility="private" complexity="5" crap="5" count="16"/>
        <line num="581" type="stmt" count="16"/>
        <line num="582" type="stmt" count="5"/>
        <line num="583" type="stmt" count="5"/>
        <line num="584" type="stmt" count="5"/>
        <line num="585" type="stmt" count="5"/>
        <line num="586" type="stmt" count="5"/>
        <metrics loc="593" ncloc="490" classes="1" methods="19" coveredmethods="19" conditionals="0" coveredconditionals="0" statements="271" coveredstatements="271" elements="290" coveredelements="290"/>
      </file>
      <file name="/Users/renaud/Code/flat-mapper-bundle/src/PixelshapedFlatMapperBundle.php">
        <class name="Pixelshaped\FlatMapperBundle\PixelshapedFlatMapperBundle" namespace="Pixelshaped\FlatMapperBundle">
          <metrics complexity="6" methods="2" coveredmethods="2" conditionals="0" coveredconditionals="0" statements="16" coveredstatements="16" elements="18" coveredelements="18"/>
        </class>
        <line num="18" type="method" name="loadExtension" visibility="public" complexity="5" crap="5" count="2"/>
        <line num="20" type="stmt" count="2"/>
        <line num="22" type="stmt" count="2"/>
        <line num="23" type="stmt" count="2"/>
        <line num="24" type="stmt" count="2"/>
        <line num="25" type="stmt" count="1"/>
        <line num="28" type="stmt" count="1"/>
        <line num="30" type="stmt" count="1"/>
        <line num="31" type="stmt" count="1"/>
        <line num="33" type="stmt" count="1"/>
        <line num="34" type="stmt" count="1"/>
        <line num="38" type="method" name="configure" visibility="public" complexity="1" crap="1" count="1"/>
        <line num="40" type="stmt" count="1"/>
        <line num="41" type="stmt" count="1"/>
        <line num="42" type="stmt" count="1"/>
        <line num="43" type="stmt" count="1"/>
        <line num="44" type="stmt" count="1"/>
        <line num="45" type="stmt" count="1"/>
        <metrics loc="49" ncloc="46" classes="1" methods="2" coveredmethods="2" conditionals="0" coveredconditionals="0" statements="16" coveredstatements="16" elements="18" coveredelements="18"/>
      </file>
    </package>
    <metrics files="4" loc="672" ncloc="566" classes="4" methods="23" coveredmethods="23" conditionals="0" coveredconditionals="0" statements="289" coveredstatements="289" elements="312" coveredelements="312"/>
  </project>
</coverage>
